This file contains any messages produced by compilers while
running configure, to aid debugging if configure makes a mistake.

It was created by stagemedia configure 0.8, which was
generated by GNU Autoconf 2.63.  Invocation command line was

  $ ./configure 

## --------- ##
## Platform. ##
## --------- ##

hostname = mytest
uname -m = x86_64
uname -r = 2.6.32-431.3.1.el6.x86_64
uname -s = Linux
uname -v = #1 SMP Fri Jan 3 21:39:27 UTC 2014

/usr/bin/uname -p = unknown
/bin/uname -X     = unknown

/bin/arch              = x86_64
/usr/bin/arch -k       = unknown
/usr/convex/getsysinfo = unknown
/usr/bin/hostinfo      = unknown
/bin/machine           = unknown
/usr/bin/oslevel       = unknown
/bin/universe          = unknown

PATH: /usr/local/rvm/gems/ruby-2.0.0-p247/bin
PATH: /usr/local/rvm/gems/ruby-2.0.0-p247@global/bin
PATH: /usr/local/rvm/rubies/ruby-2.0.0-p247/bin
PATH: /usr/local/rvm/bin
PATH: /usr/lib64/qt-3.3/bin
PATH: /usr/local/bin
PATH: /bin
PATH: /usr/bin
PATH: /usr/local/sbin
PATH: /usr/sbin
PATH: /sbin
PATH: /home/keithf/bin


## ----------- ##
## Core tests. ##
## ----------- ##

configure:1826: checking for gcc
configure:1842: found /usr/bin/gcc
configure:1853: result: gcc
configure:2085: checking for C compiler version
configure:2093: gcc --version >&5
gcc (GCC) 4.4.7 20120313 (Red Hat 4.4.7-4)
Copyright (C) 2010 Free Software Foundation, Inc.
This is free software; see the source for copying conditions.  There is NO
warranty; not even for MERCHANTABILITY or FITNESS FOR A PARTICULAR PURPOSE.

configure:2097: $? = 0
configure:2104: gcc -v >&5
Using built-in specs.
Target: x86_64-redhat-linux
Configured with: ../configure --prefix=/usr --mandir=/usr/share/man --infodir=/usr/share/info --with-bugurl=http://bugzilla.redhat.com/bugzilla --enable-bootstrap --enable-shared --enable-threads=posix --enable-checking=release --with-system-zlib --enable-__cxa_atexit --disable-libunwind-exceptions --enable-gnu-unique-object --enable-languages=c,c++,objc,obj-c++,java,fortran,ada --enable-java-awt=gtk --disable-dssi --with-java-home=/usr/lib/jvm/java-1.5.0-gcj-1.5.0.0/jre --enable-libgcj-multifile --enable-java-maintainer-mode --with-ecj-jar=/usr/share/java/eclipse-ecj.jar --disable-libjava-multilib --with-ppl --with-cloog --with-tune=generic --with-arch_32=i686 --build=x86_64-redhat-linux
Thread model: posix
gcc version 4.4.7 20120313 (Red Hat 4.4.7-4) (GCC) 
configure:2108: $? = 0
configure:2115: gcc -V >&5
gcc: '-V' option must have argument
configure:2119: $? = 1
configure:2142: checking for C compiler default output file name
configure:2164: gcc    conftest.c  >&5
configure:2168: $? = 0
configure:2206: result: a.out
configure:2225: checking whether the C compiler works
configure:2235: ./a.out
configure:2239: $? = 0
configure:2258: result: yes
configure:2265: checking whether we are cross compiling
configure:2267: result: no
configure:2270: checking for suffix of executables
configure:2277: gcc -o conftest    conftest.c  >&5
configure:2281: $? = 0
configure:2307: result: 
configure:2313: checking for suffix of object files
configure:2339: gcc -c   conftest.c >&5
configure:2343: $? = 0
configure:2368: result: o
configure:2372: checking whether we are using the GNU C compiler
configure:2401: gcc -c   conftest.c >&5
configure:2408: $? = 0
configure:2425: result: yes
configure:2434: checking whether gcc accepts -g
configure:2464: gcc -c -g  conftest.c >&5
configure:2471: $? = 0
configure:2572: result: yes
configure:2589: checking for gcc option to accept ISO C89
configure:2663: gcc  -c -g -O2  conftest.c >&5
configure:2670: $? = 0
configure:2693: result: none needed
configure:2718: checking how to run the C preprocessor
configure:2758: gcc -E  conftest.c
configure:2765: $? = 0
configure:2796: gcc -E  conftest.c
conftest.c:8:28: error: ac_nonexistent.h: No such file or directory
configure:2803: $? = 1
configure: failed program was:
| /* confdefs.h.  */
| #define PACKAGE_NAME "stagemedia"
| #define PACKAGE_TARNAME "stagemedia"
| #define PACKAGE_VERSION "0.8"
| #define PACKAGE_STRING "stagemedia 0.8"
| #define PACKAGE_BUGREPORT "fralick@gmail.com"
| /* end confdefs.h.  */
| #include <ac_nonexistent.h>
configure:2836: result: gcc -E
configure:2865: gcc -E  conftest.c
configure:2872: $? = 0
configure:2903: gcc -E  conftest.c
conftest.c:8:28: error: ac_nonexistent.h: No such file or directory
configure:2910: $? = 1
configure: failed program was:
| /* confdefs.h.  */
| #define PACKAGE_NAME "stagemedia"
| #define PACKAGE_TARNAME "stagemedia"
| #define PACKAGE_VERSION "0.8"
| #define PACKAGE_STRING "stagemedia 0.8"
| #define PACKAGE_BUGREPORT "fralick@gmail.com"
| /* end confdefs.h.  */
| #include <ac_nonexistent.h>
configure:2950: checking for grep that handles long lines and -e
configure:3010: result: /bin/grep
configure:3015: checking for egrep
configure:3079: result: /bin/grep -E
configure:3084: checking for ANSI C header files
configure:3114: gcc -c -g -O2  conftest.c >&5
configure:3121: $? = 0
configure:3220: gcc -o conftest -g -O2   conftest.c  >&5
configure:3224: $? = 0
configure:3230: ./conftest
configure:3234: $? = 0
configure:3252: result: yes
configure:3276: checking for sys/types.h
configure:3297: gcc -c -g -O2  conftest.c >&5
configure:3304: $? = 0
configure:3321: result: yes
configure:3276: checking for sys/stat.h
configure:3297: gcc -c -g -O2  conftest.c >&5
configure:3304: $? = 0
configure:3321: result: yes
configure:3276: checking for stdlib.h
configure:3297: gcc -c -g -O2  conftest.c >&5
configure:3304: $? = 0
configure:3321: result: yes
configure:3276: checking for string.h
configure:3297: gcc -c -g -O2  conftest.c >&5
configure:3304: $? = 0
configure:3321: result: yes
configure:3276: checking for memory.h
configure:3297: gcc -c -g -O2  conftest.c >&5
configure:3304: $? = 0
configure:3321: result: yes
configure:3276: checking for strings.h
configure:3297: gcc -c -g -O2  conftest.c >&5
configure:3304: $? = 0
configure:3321: result: yes
configure:3276: checking for inttypes.h
configure:3297: gcc -c -g -O2  conftest.c >&5
configure:3304: $? = 0
configure:3321: result: yes
configure:3276: checking for stdint.h
configure:3297: gcc -c -g -O2  conftest.c >&5
configure:3304: $? = 0
configure:3321: result: yes
configure:3276: checking for unistd.h
configure:3297: gcc -c -g -O2  conftest.c >&5
configure:3304: $? = 0
configure:3321: result: yes
configure:3351: checking arpa/inet.h usability
configure:3368: gcc -c -g -O2  conftest.c >&5
configure:3375: $? = 0
configure:3389: result: yes
configure:3393: checking arpa/inet.h presence
configure:3408: gcc -E  conftest.c
configure:3415: $? = 0
configure:3429: result: yes
configure:3462: checking for arpa/inet.h
configure:3471: result: yes
configure:3502: checking ctype.h usability
configure:3519: gcc -c -g -O2  conftest.c >&5
configure:3526: $? = 0
configure:3540: result: yes
configure:3544: checking ctype.h presence
configure:3559: gcc -E  conftest.c
configure:3566: $? = 0
configure:3580: result: yes
configure:3613: checking for ctype.h
configure:3622: result: yes
configure:3653: checking curl/curl.h usability
configure:3670: gcc -c -g -O2  conftest.c >&5
configure:3677: $? = 0
configure:3691: result: yes
configure:3695: checking curl/curl.h presence
configure:3710: gcc -E  conftest.c
configure:3717: $? = 0
configure:3731: result: yes
configure:3764: checking for curl/curl.h
configure:3773: result: yes
configure:3804: checking errno.h usability
configure:3821: gcc -c -g -O2  conftest.c >&5
configure:3828: $? = 0
configure:3842: result: yes
configure:3846: checking errno.h presence
configure:3861: gcc -E  conftest.c
configure:3868: $? = 0
configure:3882: result: yes
configure:3915: checking for errno.h
configure:3924: result: yes
configure:3955: checking fcntl.h usability
configure:3972: gcc -c -g -O2  conftest.c >&5
configure:3979: $? = 0
configure:3993: result: yes
configure:3997: checking fcntl.h presence
configure:4012: gcc -E  conftest.c
configure:4019: $? = 0
configure:4033: result: yes
configure:4066: checking for fcntl.h
configure:4075: result: yes
configure:4106: checking jansson.h usability
configure:4123: gcc -c -g -O2  conftest.c >&5
configure:4130: $? = 0
configure:4144: result: yes
configure:4148: checking jansson.h presence
configure:4163: gcc -E  conftest.c
configure:4170: $? = 0
configure:4184: result: yes
configure:4217: checking for jansson.h
configure:4226: result: yes
configure:4257: checking lame/lame.h usability
configure:4274: gcc -c -g -O2  conftest.c >&5
configure:4281: $? = 0
configure:4295: result: yes
configure:4299: checking lame/lame.h presence
configure:4314: gcc -E  conftest.c
configure:4321: $? = 0
configure:4335: result: yes
configure:4368: checking for lame/lame.h
configure:4377: result: yes
configure:4408: checking math.h usability
configure:4425: gcc -c -g -O2  conftest.c >&5
configure:4432: $? = 0
configure:4446: result: yes
configure:4450: checking math.h presence
configure:4465: gcc -E  conftest.c
configure:4472: $? = 0
configure:4486: result: yes
configure:4519: checking for math.h
configure:4528: result: yes
configure:4559: checking netdb.h usability
configure:4576: gcc -c -g -O2  conftest.c >&5
configure:4583: $? = 0
configure:4597: result: yes
configure:4601: checking netdb.h presence
configure:4616: gcc -E  conftest.c
configure:4623: $? = 0
configure:4637: result: yes
configure:4670: checking for netdb.h
configure:4679: result: yes
configure:4710: checking netinet/in.h usability
configure:4727: gcc -c -g -O2  conftest.c >&5
configure:4734: $? = 0
configure:4748: result: yes
configure:4752: checking netinet/in.h presence
configure:4767: gcc -E  conftest.c
configure:4774: $? = 0
configure:4788: result: yes
configure:4821: checking for netinet/in.h
configure:4830: result: yes
configure:4861: checking pthread.h usability
configure:4878: gcc -c -g -O2  conftest.c >&5
configure:4885: $? = 0
configure:4899: result: yes
configure:4903: checking pthread.h presence
configure:4918: gcc -E  conftest.c
configure:4925: $? = 0
configure:4939: result: yes
configure:4972: checking for pthread.h
configure:4981: result: yes
configure:5012: checking signal.h usability
configure:5029: gcc -c -g -O2  conftest.c >&5
configure:5036: $? = 0
configure:5050: result: yes
configure:5054: checking signal.h presence
configure:5069: gcc -E  conftest.c
configure:5076: $? = 0
configure:5090: result: yes
configure:5123: checking for signal.h
configure:5132: result: yes
configure:5163: checking sndfile.h usability
configure:5180: gcc -c -g -O2  conftest.c >&5
configure:5187: $? = 0
configure:5201: result: yes
configure:5205: checking sndfile.h presence
configure:5220: gcc -E  conftest.c
configure:5227: $? = 0
configure:5241: result: yes
configure:5274: checking for sndfile.h
configure:5283: result: yes
configure:5314: checking stdio.h usability
configure:5331: gcc -c -g -O2  conftest.c >&5
configure:5338: $? = 0
configure:5352: result: yes
configure:5356: checking stdio.h presence
configure:5371: gcc -E  conftest.c
configure:5378: $? = 0
configure:5392: result: yes
configure:5425: checking for stdio.h
configure:5434: result: yes
configure:5454: checking for stdlib.h
configure:5461: result: yes
configure:5605: checking for string.h
configure:5612: result: yes
configure:5767: checking sys/select.h usability
configure:5784: gcc -c -g -O2  conftest.c >&5
configure:5791: $? = 0
configure:5805: result: yes
configure:5809: checking sys/select.h presence
configure:5824: gcc -E  conftest.c
configure:5831: $? = 0
configure:5845: result: yes
configure:5878: checking for sys/select.h
configure:5887: result: yes
configure:5918: checking sys/socket.h usability
configure:5935: gcc -c -g -O2  conftest.c >&5
configure:5942: $? = 0
configure:5956: result: yes
configure:5960: checking sys/socket.h presence
configure:5975: gcc -E  conftest.c
configure:5982: $? = 0
configure:5996: result: yes
configure:6029: checking for sys/socket.h
configure:6038: result: yes
configure:6069: checking sys/time.h usability
configure:6086: gcc -c -g -O2  conftest.c >&5
configure:6093: $? = 0
configure:6107: result: yes
configure:6111: checking sys/time.h presence
configure:6126: gcc -E  conftest.c
configure:6133: $? = 0
configure:6147: result: yes
configure:6180: checking for sys/time.h
configure:6189: result: yes
configure:6209: checking for sys/types.h
configure:6216: result: yes
configure:6371: checking sys/wait.h usability
configure:6388: gcc -c -g -O2  conftest.c >&5
configure:6395: $? = 0
configure:6409: result: yes
configure:6413: checking sys/wait.h presence
configure:6428: gcc -E  conftest.c
configure:6435: $? = 0
configure:6449: result: yes
configure:6482: checking for sys/wait.h
configure:6491: result: yes
configure:6511: checking for unistd.h
configure:6518: result: yes
configure:6659: checking for pthread_mutex_init in -lpthread
configure:6694: gcc -o conftest -g -O2   conftest.c -lpthread   >&5
configure:6701: $? = 0
configure:6722: result: yes
configure:6734: checking for lame_init in -lmp3lame
configure:6769: gcc -o conftest -g -O2   conftest.c -lmp3lame  -lpthread  >&5
configure:6776: $? = 0
configure:6797: result: yes
configure:6809: checking for curl_easy_init in -lcurl
configure:6844: gcc -o conftest -g -O2   conftest.c -lcurl  -lmp3lame -lpthread  >&5
configure:6851: $? = 0
configure:6872: result: yes
configure:6884: checking for cos in -lm
configure:6919: gcc -o conftest -g -O2   conftest.c -lm  -lcurl -lmp3lame -lpthread  >&5
conftest.c:50: warning: conflicting types for built-in function 'cos'
configure:6926: $? = 0
configure:6947: result: yes
configure:6959: checking for getpid in -ljansson
configure:6994: gcc -o conftest -g -O2   conftest.c -ljansson  -lm -lcurl -lmp3lame -lpthread  >&5
configure:7001: $? = 0
configure:7022: result: yes
configure:7034: checking whether CC supports -fomit-frame-pointer
configure:7057: gcc -c -g -O2  conftest.c >&5
configure:7064: $? = 0
configure:7069: result: yes
configure:7083: checking whether CC supports -Wall
configure:7106: gcc -c -g -O2  conftest.c >&5
configure:7113: $? = 0
configure:7118: result: yes
configure:7274: creating ./config.status

## ---------------------- ##
## Running config.status. ##
## ---------------------- ##

This file was extended by stagemedia config.status 0.8, which was
generated by GNU Autoconf 2.63.  Invocation command line was

  CONFIG_FILES    = 
  CONFIG_HEADERS  = 
  CONFIG_LINKS    = 
  CONFIG_COMMANDS = 
  $ ./config.status 

on mytest

config.status:650: creating Makefile

## ---------------- ##
## Cache variables. ##
## ---------------- ##

ac_cv_c_compiler_gnu=yes
ac_cv_env_CC_set=
ac_cv_env_CC_value=
ac_cv_env_CFLAGS_set=
ac_cv_env_CFLAGS_value=
ac_cv_env_CPPFLAGS_set=
ac_cv_env_CPPFLAGS_value=
ac_cv_env_CPP_set=
ac_cv_env_CPP_value=
ac_cv_env_LDFLAGS_set=
ac_cv_env_LDFLAGS_value=
ac_cv_env_LIBS_set=
ac_cv_env_LIBS_value=
ac_cv_env_build_alias_set=
ac_cv_env_build_alias_value=
ac_cv_env_host_alias_set=
ac_cv_env_host_alias_value=
ac_cv_env_target_alias_set=
ac_cv_env_target_alias_value=
ac_cv_header_arpa_inet_h=yes
ac_cv_header_ctype_h=yes
ac_cv_header_curl_curl_h=yes
ac_cv_header_errno_h=yes
ac_cv_header_fcntl_h=yes
ac_cv_header_inttypes_h=yes
ac_cv_header_jansson_h=yes
ac_cv_header_lame_lame_h=yes
ac_cv_header_math_h=yes
ac_cv_header_memory_h=yes
ac_cv_header_netdb_h=yes
ac_cv_header_netinet_in_h=yes
ac_cv_header_pthread_h=yes
ac_cv_header_signal_h=yes
ac_cv_header_sndfile_h=yes
ac_cv_header_stdc=yes
ac_cv_header_stdint_h=yes
ac_cv_header_stdio_h=yes
ac_cv_header_stdlib_h=yes
ac_cv_header_string_h=yes
ac_cv_header_strings_h=yes
ac_cv_header_sys_select_h=yes
ac_cv_header_sys_socket_h=yes
ac_cv_header_sys_stat_h=yes
ac_cv_header_sys_time_h=yes
ac_cv_header_sys_types_h=yes
ac_cv_header_sys_wait_h=yes
ac_cv_header_unistd_h=yes
ac_cv_lib_curl_curl_easy_init=yes
ac_cv_lib_jansson_getpid=yes
ac_cv_lib_m_cos=yes
ac_cv_lib_mp3lame_lame_init=yes
ac_cv_lib_pthread_pthread_mutex_init=yes
ac_cv_objext=o
ac_cv_path_EGREP='/bin/grep -E'
ac_cv_path_GREP=/bin/grep
ac_cv_prog_CPP='gcc -E'
ac_cv_prog_ac_ct_CC=gcc
ac_cv_prog_cc_c89=
ac_cv_prog_cc_g=yes

## ----------------- ##
## Output variables. ##
## ----------------- ##

CC='gcc'
CFLAGS='-g -O2'
CPP='gcc -E'
CPPFLAGS=''
DEFS='-DPACKAGE_NAME=\"stagemedia\" -DPACKAGE_TARNAME=\"stagemedia\" -DPACKAGE_VERSION=\"0.8\" -DPACKAGE_STRING=\"stagemedia\ 0.8\" -DPACKAGE_BUGREPORT=\"fralick@gmail.com\" -DSTDC_HEADERS=1 -DHAVE_SYS_TYPES_H=1 -DHAVE_SYS_STAT_H=1 -DHAVE_STDLIB_H=1 -DHAVE_STRING_H=1 -DHAVE_MEMORY_H=1 -DHAVE_STRINGS_H=1 -DHAVE_INTTYPES_H=1 -DHAVE_STDINT_H=1 -DHAVE_UNISTD_H=1 -DHAVE_ARPA_INET_H=1 -DHAVE_CTYPE_H=1 -DHAVE_CURL_CURL_H=1 -DHAVE_ERRNO_H=1 -DHAVE_FCNTL_H=1 -DHAVE_JANSSON_H=1 -DHAVE_LAME_LAME_H=1 -DHAVE_MATH_H=1 -DHAVE_NETDB_H=1 -DHAVE_NETINET_IN_H=1 -DHAVE_PTHREAD_H=1 -DHAVE_SIGNAL_H=1 -DHAVE_SNDFILE_H=1 -DHAVE_STDIO_H=1 -DHAVE_STDLIB_H=1 -DHAVE_STRING_H=1 -DHAVE_SYS_SELECT_H=1 -DHAVE_SYS_SOCKET_H=1 -DHAVE_SYS_TIME_H=1 -DHAVE_SYS_TYPES_H=1 -DHAVE_SYS_WAIT_H=1 -DHAVE_UNISTD_H=1 -DHAVE_LIBPTHREAD=1 -DHAVE_LIBMP3LAME=1 -DHAVE_LIBCURL=1 -DHAVE_LIBM=1 -DHAVE_LIBJANSSON=1'
ECHO_C=''
ECHO_N='-n'
ECHO_T=''
EGREP='/bin/grep -E'
EXEEXT=''
FOMIT_FRAME_POINTER='-fomit-frame-pointer'
GREP='/bin/grep'
LDFLAGS=''
LIBOBJS=''
LIBS='-ljansson -lm -lcurl -lmp3lame -lpthread '
LTLIBOBJS=''
OBJEXT='o'
PACKAGE_BUGREPORT='fralick@gmail.com'
PACKAGE_NAME='stagemedia'
PACKAGE_STRING='stagemedia 0.8'
PACKAGE_TARNAME='stagemedia'
PACKAGE_VERSION='0.8'
PATH_SEPARATOR=':'
SHELL='/bin/sh'
WALL='-Wall'
ac_ct_CC='gcc'
bindir='${exec_prefix}/bin'
build_alias=''
datadir='${datarootdir}'
datarootdir='${prefix}/share'
docdir='${datarootdir}/doc/${PACKAGE_TARNAME}'
dvidir='${docdir}'
exec_prefix='${prefix}'
host_alias=''
htmldir='${docdir}'
includedir='${prefix}/include'
infodir='${datarootdir}/info'
libdir='${exec_prefix}/lib'
libexecdir='${exec_prefix}/libexec'
localedir='${datarootdir}/locale'
localstatedir='${prefix}/var'
mandir='${datarootdir}/man'
oldincludedir='/usr/include'
pdfdir='${docdir}'
prefix='/usr/local'
program_transform_name='s,x,x,'
psdir='${docdir}'
sbindir='${exec_prefix}/sbin'
sharedstatedir='${prefix}/com'
sysconfdir='${prefix}/etc'
target_alias=''

## ----------- ##
## confdefs.h. ##
## ----------- ##

#define PACKAGE_NAME "stagemedia"
#define PACKAGE_TARNAME "stagemedia"
#define PACKAGE_VERSION "0.8"
#define PACKAGE_STRING "stagemedia 0.8"
#define PACKAGE_BUGREPORT "fralick@gmail.com"
#define STDC_HEADERS 1
#define HAVE_SYS_TYPES_H 1
#define HAVE_SYS_STAT_H 1
#define HAVE_STDLIB_H 1
#define HAVE_STRING_H 1
#define HAVE_MEMORY_H 1
#define HAVE_STRINGS_H 1
#define HAVE_INTTYPES_H 1
#define HAVE_STDINT_H 1
#define HAVE_UNISTD_H 1
#define HAVE_ARPA_INET_H 1
#define HAVE_CTYPE_H 1
#define HAVE_CURL_CURL_H 1
#define HAVE_ERRNO_H 1
#define HAVE_FCNTL_H 1
#define HAVE_JANSSON_H 1
#define HAVE_LAME_LAME_H 1
#define HAVE_MATH_H 1
#define HAVE_NETDB_H 1
#define HAVE_NETINET_IN_H 1
#define HAVE_PTHREAD_H 1
#define HAVE_SIGNAL_H 1
#define HAVE_SNDFILE_H 1
#define HAVE_STDIO_H 1
#define HAVE_STDLIB_H 1
#define HAVE_STRING_H 1
#define HAVE_SYS_SELECT_H 1
#define HAVE_SYS_SOCKET_H 1
#define HAVE_SYS_TIME_H 1
#define HAVE_SYS_TYPES_H 1
#define HAVE_SYS_WAIT_H 1
#define HAVE_UNISTD_H 1
#define HAVE_LIBPTHREAD 1
#define HAVE_LIBMP3LAME 1
#define HAVE_LIBCURL 1
#define HAVE_LIBM 1
#define HAVE_LIBJANSSON 1

configure: exit 0
